<?xml version="1.0" encoding="UTF-8"?>
<coverage generated="1615847831682" clover="3.2.0">
  <project timestamp="1615847831682" name="All files">
    <metrics statements="75" coveredstatements="62" conditionals="39" coveredconditionals="28" methods="22" coveredmethods="18" elements="136" coveredelements="108" complexity="0" loc="75" ncloc="75" packages="9" files="17" classes="17"/>
    <package name="components.transactions.TxTable">
      <metrics statements="4" coveredstatements="4" conditionals="0" coveredconditionals="0" methods="1" coveredmethods="1"/>
      <file name="TxTable.js" path="/Users/natejensen/Sites/divvy/web-homework/webapp/src/components/transactions/TxTable/TxTable.js">
        <metrics statements="4" coveredstatements="4" conditionals="0" coveredconditionals="0" methods="1" coveredmethods="1"/>
        <line num="8" count="1" type="stmt"/>
        <line num="20" count="1" type="stmt"/>
        <line num="50" count="1" type="stmt"/>
        <line num="56" count="1" type="stmt"/>
      </file>
    </package>
    <package name="components.transactions.TxTableCellList">
      <metrics statements="5" coveredstatements="5" conditionals="0" coveredconditionals="0" methods="2" coveredmethods="2"/>
      <file name="TxTableCellList.js" path="/Users/natejensen/Sites/divvy/web-homework/webapp/src/components/transactions/TxTableCellList/TxTableCellList.js">
        <metrics statements="5" coveredstatements="5" conditionals="0" coveredconditionals="0" methods="2" coveredmethods="2"/>
        <line num="15" count="4" type="stmt"/>
        <line num="25" count="4" type="stmt"/>
        <line num="26" count="28" type="stmt"/>
        <line num="27" count="28" type="stmt"/>
        <line num="39" count="4" type="stmt"/>
      </file>
      <file name="index.js" path="/Users/natejensen/Sites/divvy/web-homework/webapp/src/components/transactions/TxTableCellList/index.js">
        <metrics statements="0" coveredstatements="0" conditionals="0" coveredconditionals="0" methods="0" coveredmethods="0"/>
      </file>
    </package>
    <package name="components.transactions.TxTableCellListItem">
      <metrics statements="11" coveredstatements="10" conditionals="10" coveredconditionals="9" methods="3" coveredmethods="3"/>
      <file name="TxTableCellListItem.js" path="/Users/natejensen/Sites/divvy/web-homework/webapp/src/components/transactions/TxTableCellListItem/TxTableCellListItem.js">
        <metrics statements="11" coveredstatements="10" conditionals="10" coveredconditionals="9" methods="3" coveredmethods="3"/>
        <line num="6" count="29" type="stmt"/>
        <line num="9" count="29" type="stmt"/>
        <line num="10" count="29" type="stmt"/>
        <line num="12" count="29" type="cond" truecount="3" falsecount="1"/>
        <line num="13" count="0" type="stmt"/>
        <line num="25" count="29" type="cond" truecount="2" falsecount="0"/>
        <line num="26" count="5" type="cond" truecount="2" falsecount="0"/>
        <line num="29" count="29" type="stmt"/>
        <line num="34" count="5" type="stmt"/>
        <line num="41" count="29" type="stmt"/>
        <line num="49" count="5" type="stmt"/>
      </file>
      <file name="index.js" path="/Users/natejensen/Sites/divvy/web-homework/webapp/src/components/transactions/TxTableCellListItem/index.js">
        <metrics statements="0" coveredstatements="0" conditionals="0" coveredconditionals="0" methods="0" coveredmethods="0"/>
      </file>
    </package>
    <package name="components.transactions.TxTableHeaderList">
      <metrics statements="6" coveredstatements="6" conditionals="0" coveredconditionals="0" methods="2" coveredmethods="2"/>
      <file name="TxTableHeaderList.js" path="/Users/natejensen/Sites/divvy/web-homework/webapp/src/components/transactions/TxTableHeaderList/TxTableHeaderList.js">
        <metrics statements="6" coveredstatements="6" conditionals="0" coveredconditionals="0" methods="2" coveredmethods="2"/>
        <line num="6" count="43" type="stmt"/>
        <line num="8" count="43" type="stmt"/>
        <line num="59" count="43" type="stmt"/>
        <line num="66" count="301" type="stmt"/>
        <line num="68" count="301" type="stmt"/>
        <line num="83" count="2" type="stmt"/>
      </file>
      <file name="index.js" path="/Users/natejensen/Sites/divvy/web-homework/webapp/src/components/transactions/TxTableHeaderList/index.js">
        <metrics statements="0" coveredstatements="0" conditionals="0" coveredconditionals="0" methods="0" coveredmethods="0"/>
      </file>
    </package>
    <package name="components.transactions.TxTableHeaderListItem">
      <metrics statements="10" coveredstatements="10" conditionals="8" coveredconditionals="8" methods="2" coveredmethods="2"/>
      <file name="TxTableHeaderListItem.js" path="/Users/natejensen/Sites/divvy/web-homework/webapp/src/components/transactions/TxTableHeaderListItem/TxTableHeaderListItem.js">
        <metrics statements="10" coveredstatements="10" conditionals="8" coveredconditionals="8" methods="2" coveredmethods="2"/>
        <line num="7" count="302" type="stmt"/>
        <line num="8" count="302" type="stmt"/>
        <line num="9" count="302" type="stmt"/>
        <line num="12" count="8" type="cond" truecount="2" falsecount="0"/>
        <line num="13" count="8" type="stmt"/>
        <line num="14" count="8" type="stmt"/>
        <line num="17" count="302" type="stmt"/>
        <line num="30" count="3" type="stmt"/>
        <line num="40" count="3" type="stmt"/>
        <line num="44" count="3" type="stmt"/>
      </file>
      <file name="index.js" path="/Users/natejensen/Sites/divvy/web-homework/webapp/src/components/transactions/TxTableHeaderListItem/index.js">
        <metrics statements="0" coveredstatements="0" conditionals="0" coveredconditionals="0" methods="0" coveredmethods="0"/>
      </file>
    </package>
    <package name="components.transactions.TxTableRowList">
      <metrics statements="14" coveredstatements="14" conditionals="10" coveredconditionals="5" methods="2" coveredmethods="2"/>
      <file name="TxTableRowList.js" path="/Users/natejensen/Sites/divvy/web-homework/webapp/src/components/transactions/TxTableRowList/TxTableRowList.js">
        <metrics statements="14" coveredstatements="14" conditionals="10" coveredconditionals="5" methods="2" coveredmethods="2"/>
        <line num="8" count="2" type="stmt"/>
        <line num="9" count="2" type="stmt"/>
        <line num="21" count="2" type="stmt"/>
        <line num="23" count="2" type="cond" truecount="1" falsecount="1"/>
        <line num="24" count="2" type="cond" truecount="1" falsecount="1"/>
        <line num="25" count="2" type="stmt"/>
        <line num="26" count="2" type="stmt"/>
        <line num="27" count="2" type="stmt"/>
        <line num="28" count="2" type="cond" truecount="1" falsecount="1"/>
        <line num="29" count="2" type="stmt"/>
        <line num="31" count="2" type="stmt"/>
        <line num="32" count="2" type="cond" truecount="2" falsecount="2"/>
        <line num="34" count="2" type="stmt"/>
        <line num="60" count="2" type="stmt"/>
      </file>
      <file name="index.js" path="/Users/natejensen/Sites/divvy/web-homework/webapp/src/components/transactions/TxTableRowList/index.js">
        <metrics statements="0" coveredstatements="0" conditionals="0" coveredconditionals="0" methods="0" coveredmethods="0"/>
      </file>
    </package>
    <package name="components.transactions.TxTableRowListItem">
      <metrics statements="18" coveredstatements="6" conditionals="11" coveredconditionals="6" methods="6" coveredmethods="2"/>
      <file name="TxTableRowListItem.js" path="/Users/natejensen/Sites/divvy/web-homework/webapp/src/components/transactions/TxTableRowListItem/TxTableRowListItem.js">
        <metrics statements="18" coveredstatements="6" conditionals="11" coveredconditionals="6" methods="6" coveredmethods="2"/>
        <line num="25" count="0" type="stmt"/>
        <line num="26" count="0" type="stmt"/>
        <line num="30" count="0" type="cond" truecount="0" falsecount="3"/>
        <line num="32" count="0" type="stmt"/>
        <line num="33" count="0" type="stmt"/>
        <line num="35" count="0" type="stmt"/>
        <line num="36" count="0" type="stmt"/>
        <line num="38" count="0" type="stmt"/>
        <line num="43" count="0" type="stmt"/>
        <line num="54" count="0" type="stmt"/>
        <line num="58" count="0" type="stmt"/>
        <line num="62" count="0" type="stmt"/>
        <line num="65" count="3" type="stmt"/>
        <line num="66" count="3" type="stmt"/>
        <line num="82" count="3" type="stmt"/>
        <line num="101" count="3" type="stmt"/>
        <line num="102" count="3" type="cond" truecount="3" falsecount="1"/>
        <line num="103" count="3" type="stmt"/>
      </file>
      <file name="index.js" path="/Users/natejensen/Sites/divvy/web-homework/webapp/src/components/transactions/TxTableRowListItem/index.js">
        <metrics statements="0" coveredstatements="0" conditionals="0" coveredconditionals="0" methods="0" coveredmethods="0"/>
      </file>
    </package>
    <package name="helpers.currency">
      <metrics statements="4" coveredstatements="4" conditionals="0" coveredconditionals="0" methods="3" coveredmethods="3"/>
      <file name="currency.js" path="/Users/natejensen/Sites/divvy/web-homework/webapp/src/helpers/currency/currency.js">
        <metrics statements="4" coveredstatements="4" conditionals="0" coveredconditionals="0" methods="3" coveredmethods="3"/>
        <line num="2" count="3" type="stmt"/>
        <line num="6" count="1" type="stmt"/>
        <line num="10" count="5" type="stmt"/>
        <line num="11" count="5" type="stmt"/>
      </file>
      <file name="index.js" path="/Users/natejensen/Sites/divvy/web-homework/webapp/src/helpers/currency/index.js">
        <metrics statements="0" coveredstatements="0" conditionals="0" coveredconditionals="0" methods="0" coveredmethods="0"/>
      </file>
    </package>
    <package name="helpers.dateTime">
      <metrics statements="3" coveredstatements="3" conditionals="0" coveredconditionals="0" methods="1" coveredmethods="1"/>
      <file name="dateTime.js" path="/Users/natejensen/Sites/divvy/web-homework/webapp/src/helpers/dateTime/dateTime.js">
        <metrics statements="3" coveredstatements="3" conditionals="0" coveredconditionals="0" methods="1" coveredmethods="1"/>
        <line num="3" count="3" type="stmt"/>
        <line num="6" count="3" type="stmt"/>
        <line num="7" count="3" type="stmt"/>
      </file>
      <file name="index.js" path="/Users/natejensen/Sites/divvy/web-homework/webapp/src/helpers/dateTime/index.js">
        <metrics statements="0" coveredstatements="0" conditionals="0" coveredconditionals="0" methods="0" coveredmethods="0"/>
      </file>
    </package>
  </project>
</coverage>
