{"/Users/natejensen/Sites/divvy/web-homework/webapp/src/components/transactions/TxTable/TxTable.js": {"path":"/Users/natejensen/Sites/divvy/web-homework/webapp/src/components/transactions/TxTable/TxTable.js","statementMap":{"0":{"start":{"line":8,"column":2},"end":{"line":17,"column":3}},"1":{"start":{"line":20,"column":0},"end":{"line":40,"column":1}},"2":{"start":{"line":42,"column":20},"end":{"line":47,"column":1}},"3":{"start":{"line":48,"column":19},"end":{"line":51,"column":1}}},"fnMap":{"0":{"name":"TxTable","decl":{"start":{"line":7,"column":24},"end":{"line":7,"column":31}},"loc":{"start":{"line":7,"column":64},"end":{"line":18,"column":1}},"line":7}},"branchMap":{},"s":{"0":1,"1":1,"2":1,"3":1},"f":{"0":1},"b":{},"_coverageSchema":"43e27e138ebf9cfc5966b082cf9a028302ed4184","hash":"e914431156442fba093f4e19ebbdedee213a90f7"}
,"/Users/natejensen/Sites/divvy/web-homework/webapp/src/components/transactions/TxTableCellList/TxTableCellList.js": {"path":"/Users/natejensen/Sites/divvy/web-homework/webapp/src/components/transactions/TxTableCellList/TxTableCellList.js","statementMap":{"0":{"start":{"line":6,"column":19},"end":{"line":13,"column":3}},"1":{"start":{"line":15,"column":2},"end":{"line":20,"column":4}},"2":{"start":{"line":16,"column":25},"end":{"line":16,"column":29}},"3":{"start":{"line":17,"column":4},"end":{"line":19,"column":5}},"4":{"start":{"line":23,"column":0},"end":{"line":31,"column":1}}},"fnMap":{"0":{"name":"TxTableCellList","decl":{"start":{"line":5,"column":24},"end":{"line":5,"column":39}},"loc":{"start":{"line":5,"column":120},"end":{"line":21,"column":1}},"line":5},"1":{"name":"(anonymous_1)","decl":{"start":{"line":15,"column":22},"end":{"line":15,"column":23}},"loc":{"start":{"line":15,"column":30},"end":{"line":20,"column":3}},"line":15}},"branchMap":{},"s":{"0":4,"1":4,"2":24,"3":24,"4":4},"f":{"0":4,"1":24},"b":{},"_coverageSchema":"43e27e138ebf9cfc5966b082cf9a028302ed4184","hash":"ef63112af751af2fca9662fe285bdbecef63df14"}
,"/Users/natejensen/Sites/divvy/web-homework/webapp/src/components/transactions/TxTableCellList/index.js": {"path":"/Users/natejensen/Sites/divvy/web-homework/webapp/src/components/transactions/TxTableCellList/index.js","statementMap":{},"fnMap":{},"branchMap":{},"s":{},"f":{},"b":{},"_coverageSchema":"43e27e138ebf9cfc5966b082cf9a028302ed4184","hash":"761f29d7325ada91c67241f109e37becf56a6be3"}
,"/Users/natejensen/Sites/divvy/web-homework/webapp/src/components/transactions/TxTableCellListItem/TxTableCellListItem.js": {"path":"/Users/natejensen/Sites/divvy/web-homework/webapp/src/components/transactions/TxTableCellListItem/TxTableCellListItem.js","statementMap":{"0":{"start":{"line":5,"column":23},"end":{"line":5,"column":96}},"1":{"start":{"line":5,"column":53},"end":{"line":5,"column":96}},"2":{"start":{"line":8,"column":2},"end":{"line":10,"column":3}},"3":{"start":{"line":13,"column":0},"end":{"line":17,"column":1}},"4":{"start":{"line":19,"column":18},"end":{"line":22,"column":1}}},"fnMap":{"0":{"name":"(anonymous_0)","decl":{"start":{"line":5,"column":23},"end":{"line":5,"column":24}},"loc":{"start":{"line":5,"column":53},"end":{"line":5,"column":96}},"line":5},"1":{"name":"TxTableCellListItem","decl":{"start":{"line":7,"column":24},"end":{"line":7,"column":43}},"loc":{"start":{"line":7,"column":69},"end":{"line":11,"column":1}},"line":7}},"branchMap":{},"s":{"0":5,"1":25,"2":25,"3":5,"4":5},"f":{"0":25,"1":25},"b":{},"_coverageSchema":"43e27e138ebf9cfc5966b082cf9a028302ed4184","hash":"1adc829420d133c55c1bd208bdfa4da943977cc6"}
,"/Users/natejensen/Sites/divvy/web-homework/webapp/src/components/transactions/TxTableCellListItem/index.js": {"path":"/Users/natejensen/Sites/divvy/web-homework/webapp/src/components/transactions/TxTableCellListItem/index.js","statementMap":{},"fnMap":{},"branchMap":{},"s":{},"f":{},"b":{},"_coverageSchema":"43e27e138ebf9cfc5966b082cf9a028302ed4184","hash":"4b358b085ca5d34b71b0a5b77d153da617c8e360"}
,"/Users/natejensen/Sites/divvy/web-homework/webapp/src/components/transactions/TxTableHeaderList/TxTableHeaderList.js": {"path":"/Users/natejensen/Sites/divvy/web-homework/webapp/src/components/transactions/TxTableHeaderList/TxTableHeaderList.js","statementMap":{"0":{"start":{"line":6,"column":32},"end":{"line":6,"column":60}},"1":{"start":{"line":8,"column":24},"end":{"line":51,"column":3}},"2":{"start":{"line":52,"column":2},"end":{"line":73,"column":4}},"3":{"start":{"line":59,"column":8},"end":{"line":59,"column":10}},"4":{"start":{"line":61,"column":4},"end":{"line":72,"column":5}},"5":{"start":{"line":76,"column":0},"end":{"line":78,"column":1}}},"fnMap":{"0":{"name":"TxTableHeaderList","decl":{"start":{"line":5,"column":24},"end":{"line":5,"column":41}},"loc":{"start":{"line":5,"column":68},"end":{"line":74,"column":1}},"line":5},"1":{"name":"(anonymous_1)","decl":{"start":{"line":52,"column":27},"end":{"line":52,"column":28}},"loc":{"start":{"line":52,"column":33},"end":{"line":73,"column":3}},"line":52}},"branchMap":{},"s":{"0":43,"1":43,"2":43,"3":258,"4":258,"5":2},"f":{"0":43,"1":258},"b":{},"_coverageSchema":"43e27e138ebf9cfc5966b082cf9a028302ed4184","hash":"dc6df893703a1266f74fbf0fa68620869b1751df"}
,"/Users/natejensen/Sites/divvy/web-homework/webapp/src/components/transactions/TxTableHeaderList/index.js": {"path":"/Users/natejensen/Sites/divvy/web-homework/webapp/src/components/transactions/TxTableHeaderList/index.js","statementMap":{},"fnMap":{},"branchMap":{},"s":{},"f":{},"b":{},"_coverageSchema":"43e27e138ebf9cfc5966b082cf9a028302ed4184","hash":"681f04f960fd496056397f05a3852525ec2a8d4a"}
,"/Users/natejensen/Sites/divvy/web-homework/webapp/src/components/transactions/TxTableHeaderListItem/TxTableHeaderListItem.js": {"path":"/Users/natejensen/Sites/divvy/web-homework/webapp/src/components/transactions/TxTableHeaderListItem/TxTableHeaderListItem.js","statementMap":{"0":{"start":{"line":7,"column":16},"end":{"line":7,"column":31}},"1":{"start":{"line":8,"column":17},"end":{"line":8,"column":33}},"2":{"start":{"line":11,"column":23},"end":{"line":11,"column":42}},"3":{"start":{"line":12,"column":4},"end":{"line":12,"column":48}},"4":{"start":{"line":13,"column":4},"end":{"line":13,"column":26}},"5":{"start":{"line":16,"column":2},"end":{"line":24,"column":3}},"6":{"start":{"line":27,"column":0},"end":{"line":35,"column":1}},"7":{"start":{"line":37,"column":20},"end":{"line":39,"column":1}},"8":{"start":{"line":41,"column":20},"end":{"line":61,"column":1}}},"fnMap":{"0":{"name":"TxTableHeaderListItem","decl":{"start":{"line":6,"column":24},"end":{"line":6,"column":45}},"loc":{"start":{"line":6,"column":120},"end":{"line":25,"column":1}},"line":6},"1":{"name":"handleHeaderClick","decl":{"start":{"line":10,"column":11},"end":{"line":10,"column":28}},"loc":{"start":{"line":10,"column":32},"end":{"line":14,"column":3}},"line":10}},"branchMap":{"0":{"loc":{"start":{"line":11,"column":23},"end":{"line":11,"column":42}},"type":"cond-expr","locations":[{"start":{"line":11,"column":32},"end":{"line":11,"column":35}},{"start":{"line":11,"column":38},"end":{"line":11,"column":42}}],"line":11},"1":{"loc":{"start":{"line":20,"column":9},"end":{"line":20,"column":58}},"type":"binary-expr","locations":[{"start":{"line":20,"column":9},"end":{"line":20,"column":14}},{"start":{"line":20,"column":18},"end":{"line":20,"column":58}}],"line":20},"2":{"loc":{"start":{"line":21,"column":9},"end":{"line":21,"column":61}},"type":"binary-expr","locations":[{"start":{"line":21,"column":9},"end":{"line":21,"column":15}},{"start":{"line":21,"column":19},"end":{"line":21,"column":61}}],"line":21}},"s":{"0":259,"1":259,"2":8,"3":8,"4":8,"5":259,"6":3,"7":3,"8":3},"f":{"0":259,"1":8},"b":{"0":[4,4],"1":[259,4],"2":[259,40]},"_coverageSchema":"43e27e138ebf9cfc5966b082cf9a028302ed4184","hash":"b88b4b3b3c6d0f1ab0016aec817b1869d24c0cac"}
,"/Users/natejensen/Sites/divvy/web-homework/webapp/src/components/transactions/TxTableHeaderListItem/index.js": {"path":"/Users/natejensen/Sites/divvy/web-homework/webapp/src/components/transactions/TxTableHeaderListItem/index.js","statementMap":{},"fnMap":{},"branchMap":{},"s":{},"f":{},"b":{},"_coverageSchema":"43e27e138ebf9cfc5966b082cf9a028302ed4184","hash":"2dc03a8103f4c6bace6ba90253bd99e424cd4a68"}
,"/Users/natejensen/Sites/divvy/web-homework/webapp/src/components/transactions/TxTableRowList/TxTableRowList.js": {"path":"/Users/natejensen/Sites/divvy/web-homework/webapp/src/components/transactions/TxTableRowList/TxTableRowList.js","statementMap":{"0":{"start":{"line":8,"column":2},"end":{"line":37,"column":4}},"1":{"start":{"line":17,"column":8},"end":{"line":17,"column":10}},"2":{"start":{"line":19,"column":25},"end":{"line":19,"column":58}},"3":{"start":{"line":20,"column":21},"end":{"line":20,"column":47}},"4":{"start":{"line":21,"column":17},"end":{"line":21,"column":56}},"5":{"start":{"line":22,"column":25},"end":{"line":22,"column":56}},"6":{"start":{"line":23,"column":23},"end":{"line":23,"column":38}},"7":{"start":{"line":24,"column":4},"end":{"line":36,"column":5}},"8":{"start":{"line":40,"column":0},"end":{"line":59,"column":1}}},"fnMap":{"0":{"name":"TxTableRowList","decl":{"start":{"line":7,"column":24},"end":{"line":7,"column":38}},"loc":{"start":{"line":7,"column":50},"end":{"line":38,"column":1}},"line":7},"1":{"name":"(anonymous_1)","decl":{"start":{"line":8,"column":18},"end":{"line":8,"column":19}},"loc":{"start":{"line":8,"column":33},"end":{"line":37,"column":3}},"line":8}},"branchMap":{"0":{"loc":{"start":{"line":19,"column":25},"end":{"line":19,"column":58}},"type":"cond-expr","locations":[{"start":{"line":19,"column":36},"end":{"line":19,"column":49}},{"start":{"line":19,"column":52},"end":{"line":19,"column":58}}],"line":19}},"s":{"0":2,"1":2,"2":2,"3":2,"4":2,"5":2,"6":2,"7":2,"8":2},"f":{"0":2,"1":2},"b":{"0":[2,0]},"_coverageSchema":"43e27e138ebf9cfc5966b082cf9a028302ed4184","hash":"da4c8040ba8a2a9dd32a3365efe4c37dc167582b"}
,"/Users/natejensen/Sites/divvy/web-homework/webapp/src/components/transactions/TxTableRowList/index.js": {"path":"/Users/natejensen/Sites/divvy/web-homework/webapp/src/components/transactions/TxTableRowList/index.js","statementMap":{},"fnMap":{},"branchMap":{},"s":{},"f":{},"b":{},"_coverageSchema":"43e27e138ebf9cfc5966b082cf9a028302ed4184","hash":"a042c29530062703a84df6ac9e82739fa584a3c4"}
,"/Users/natejensen/Sites/divvy/web-homework/webapp/src/components/transactions/TxTableRowListItem/TxTableRowListItem.js": {"path":"/Users/natejensen/Sites/divvy/web-homework/webapp/src/components/transactions/TxTableRowListItem/TxTableRowListItem.js","statementMap":{"0":{"start":{"line":7,"column":2},"end":{"line":19,"column":3}},"1":{"start":{"line":22,"column":0},"end":{"line":31,"column":1}},"2":{"start":{"line":33,"column":17},"end":{"line":39,"column":1}},"3":{"start":{"line":33,"column":36},"end":{"line":39,"column":1}}},"fnMap":{"0":{"name":"TxTableRowListItem","decl":{"start":{"line":6,"column":24},"end":{"line":6,"column":42}},"loc":{"start":{"line":6,"column":135},"end":{"line":20,"column":1}},"line":6},"1":{"name":"(anonymous_1)","decl":{"start":{"line":33,"column":17},"end":{"line":33,"column":18}},"loc":{"start":{"line":33,"column":36},"end":{"line":39,"column":1}},"line":33}},"branchMap":{"0":{"loc":{"start":{"line":36,"column":4},"end":{"line":38,"column":3}},"type":"binary-expr","locations":[{"start":{"line":36,"column":4},"end":{"line":36,"column":17}},{"start":{"line":36,"column":21},"end":{"line":38,"column":3}}],"line":36}},"s":{"0":3,"1":3,"2":3,"3":3},"f":{"0":3,"1":3},"b":{"0":[3,1]},"_coverageSchema":"43e27e138ebf9cfc5966b082cf9a028302ed4184","hash":"9870969aafa4a8741fdceb3c084771dbd813e6d4"}
,"/Users/natejensen/Sites/divvy/web-homework/webapp/src/components/transactions/TxTableRowListItem/index.js": {"path":"/Users/natejensen/Sites/divvy/web-homework/webapp/src/components/transactions/TxTableRowListItem/index.js","statementMap":{},"fnMap":{},"branchMap":{},"s":{},"f":{},"b":{},"_coverageSchema":"43e27e138ebf9cfc5966b082cf9a028302ed4184","hash":"e890da433c963db00e77ad8bf06fd40b265481fb"}
,"/Users/natejensen/Sites/divvy/web-homework/webapp/src/helpers/currency/currency.js": {"path":"/Users/natejensen/Sites/divvy/web-homework/webapp/src/helpers/currency/currency.js","statementMap":{"0":{"start":{"line":2,"column":18},"end":{"line":2,"column":29}},"1":{"start":{"line":3,"column":2},"end":{"line":3,"column":80}}},"fnMap":{"0":{"name":"convertCentsToUsDollars","decl":{"start":{"line":1,"column":16},"end":{"line":1,"column":39}},"loc":{"start":{"line":1,"column":48},"end":{"line":4,"column":1}},"line":1}},"branchMap":{},"s":{"0":3,"1":3},"f":{"0":3},"b":{},"_coverageSchema":"43e27e138ebf9cfc5966b082cf9a028302ed4184","hash":"bdee0fe492aa46a45dabb507e057d1bee9232c67"}
,"/Users/natejensen/Sites/divvy/web-homework/webapp/src/helpers/currency/index.js": {"path":"/Users/natejensen/Sites/divvy/web-homework/webapp/src/helpers/currency/index.js","statementMap":{},"fnMap":{},"branchMap":{},"s":{},"f":{},"b":{},"_coverageSchema":"43e27e138ebf9cfc5966b082cf9a028302ed4184","hash":"3204469e1532af3965b1d3ce6774797633a2b4ab"}
,"/Users/natejensen/Sites/divvy/web-homework/webapp/src/helpers/dateTime/dateTime.js": {"path":"/Users/natejensen/Sites/divvy/web-homework/webapp/src/helpers/dateTime/dateTime.js","statementMap":{"0":{"start":{"line":3,"column":18},"end":{"line":3,"column":26}},"1":{"start":{"line":6,"column":15},"end":{"line":6,"column":34}},"2":{"start":{"line":7,"column":2},"end":{"line":7,"column":39}}},"fnMap":{"0":{"name":"getMonthAndDayFromTimestamp","decl":{"start":{"line":5,"column":16},"end":{"line":5,"column":43}},"loc":{"start":{"line":5,"column":56},"end":{"line":8,"column":1}},"line":5}},"branchMap":{},"s":{"0":3,"1":3,"2":3},"f":{"0":3},"b":{},"_coverageSchema":"43e27e138ebf9cfc5966b082cf9a028302ed4184","hash":"7c419bd3bb9c4331901a1cbf68e64cf732c1fbe0"}
,"/Users/natejensen/Sites/divvy/web-homework/webapp/src/helpers/dateTime/index.js": {"path":"/Users/natejensen/Sites/divvy/web-homework/webapp/src/helpers/dateTime/index.js","statementMap":{},"fnMap":{},"branchMap":{},"s":{},"f":{},"b":{},"_coverageSchema":"43e27e138ebf9cfc5966b082cf9a028302ed4184","hash":"ee22fa24a4f60a84d36a59ac8697ec612fb511b0"}
}
