{"/Users/natejensen/Sites/divvy/web-homework/webapp/src/components/transactions/TxTable/TxTable.js": {"path":"/Users/natejensen/Sites/divvy/web-homework/webapp/src/components/transactions/TxTable/TxTable.js","statementMap":{"0":{"start":{"line":8,"column":2},"end":{"line":17,"column":3}},"1":{"start":{"line":20,"column":0},"end":{"line":48,"column":1}},"2":{"start":{"line":50,"column":20},"end":{"line":55,"column":1}},"3":{"start":{"line":56,"column":19},"end":{"line":59,"column":1}}},"fnMap":{"0":{"name":"TxTable","decl":{"start":{"line":7,"column":24},"end":{"line":7,"column":31}},"loc":{"start":{"line":7,"column":83},"end":{"line":18,"column":1}},"line":7}},"branchMap":{},"s":{"0":1,"1":1,"2":1,"3":1},"f":{"0":1},"b":{},"_coverageSchema":"43e27e138ebf9cfc5966b082cf9a028302ed4184","hash":"1701b10bc7c32997b987f938174bd00016c01ff6"}
,"/Users/natejensen/Sites/divvy/web-homework/webapp/src/components/transactions/TxTableCellList/TxTableCellList.js": {"path":"/Users/natejensen/Sites/divvy/web-homework/webapp/src/components/transactions/TxTableCellList/TxTableCellList.js","statementMap":{"0":{"start":{"line":15,"column":19},"end":{"line":23,"column":3}},"1":{"start":{"line":25,"column":2},"end":{"line":36,"column":4}},"2":{"start":{"line":26,"column":25},"end":{"line":26,"column":29}},"3":{"start":{"line":27,"column":4},"end":{"line":35,"column":5}},"4":{"start":{"line":39,"column":0},"end":{"line":48,"column":1}}},"fnMap":{"0":{"name":"TxTableCellList","decl":{"start":{"line":5,"column":24},"end":{"line":5,"column":39}},"loc":{"start":{"line":14,"column":3},"end":{"line":37,"column":1}},"line":14},"1":{"name":"(anonymous_1)","decl":{"start":{"line":25,"column":22},"end":{"line":25,"column":23}},"loc":{"start":{"line":25,"column":30},"end":{"line":36,"column":3}},"line":25}},"branchMap":{},"s":{"0":4,"1":4,"2":28,"3":28,"4":4},"f":{"0":4,"1":28},"b":{},"_coverageSchema":"43e27e138ebf9cfc5966b082cf9a028302ed4184","hash":"c527bbcec28bf56c6803c39bff9b98d3decf092c"}
,"/Users/natejensen/Sites/divvy/web-homework/webapp/src/components/transactions/TxTableCellList/index.js": {"path":"/Users/natejensen/Sites/divvy/web-homework/webapp/src/components/transactions/TxTableCellList/index.js","statementMap":{},"fnMap":{},"branchMap":{},"s":{},"f":{},"b":{},"_coverageSchema":"43e27e138ebf9cfc5966b082cf9a028302ed4184","hash":"761f29d7325ada91c67241f109e37becf56a6be3"}
,"/Users/natejensen/Sites/divvy/web-homework/webapp/src/components/transactions/TxTableCellListItem/TxTableCellListItem.js": {"path":"/Users/natejensen/Sites/divvy/web-homework/webapp/src/components/transactions/TxTableCellListItem/TxTableCellListItem.js","statementMap":{"0":{"start":{"line":6,"column":23},"end":{"line":6,"column":96}},"1":{"start":{"line":6,"column":53},"end":{"line":6,"column":96}},"2":{"start":{"line":9,"column":19},"end":{"line":9,"column":41}},"3":{"start":{"line":10,"column":19},"end":{"line":10,"column":41}},"4":{"start":{"line":12,"column":2},"end":{"line":23,"column":3}},"5":{"start":{"line":13,"column":4},"end":{"line":22,"column":5}},"6":{"start":{"line":25,"column":2},"end":{"line":27,"column":3}},"7":{"start":{"line":26,"column":4},"end":{"line":26,"column":50}},"8":{"start":{"line":29,"column":2},"end":{"line":31,"column":3}},"9":{"start":{"line":34,"column":0},"end":{"line":39,"column":1}},"10":{"start":{"line":41,"column":18},"end":{"line":47,"column":1}},"11":{"start":{"line":41,"column":30},"end":{"line":47,"column":1}},"12":{"start":{"line":49,"column":21},"end":{"line":71,"column":1}}},"fnMap":{"0":{"name":"(anonymous_0)","decl":{"start":{"line":6,"column":23},"end":{"line":6,"column":24}},"loc":{"start":{"line":6,"column":53},"end":{"line":6,"column":96}},"line":6},"1":{"name":"TxTableCellListItem","decl":{"start":{"line":8,"column":24},"end":{"line":8,"column":43}},"loc":{"start":{"line":8,"column":81},"end":{"line":32,"column":1}},"line":8},"2":{"name":"(anonymous_2)","decl":{"start":{"line":41,"column":18},"end":{"line":41,"column":19}},"loc":{"start":{"line":41,"column":30},"end":{"line":47,"column":1}},"line":41}},"branchMap":{"0":{"loc":{"start":{"line":12,"column":2},"end":{"line":23,"column":3}},"type":"if","locations":[{"start":{"line":12,"column":2},"end":{"line":23,"column":3}},{"start":{"line":12,"column":2},"end":{"line":23,"column":3}}],"line":12},"1":{"loc":{"start":{"line":12,"column":6},"end":{"line":12,"column":28}},"type":"binary-expr","locations":[{"start":{"line":12,"column":6},"end":{"line":12,"column":14}},{"start":{"line":12,"column":18},"end":{"line":12,"column":28}}],"line":12},"2":{"loc":{"start":{"line":25,"column":2},"end":{"line":27,"column":3}},"type":"if","locations":[{"start":{"line":25,"column":2},"end":{"line":27,"column":3}},{"start":{"line":25,"column":2},"end":{"line":27,"column":3}}],"line":25},"3":{"loc":{"start":{"line":26,"column":10},"end":{"line":26,"column":50}},"type":"cond-expr","locations":[{"start":{"line":26,"column":20},"end":{"line":26,"column":32}},{"start":{"line":26,"column":35},"end":{"line":26,"column":50}}],"line":26},"4":{"loc":{"start":{"line":44,"column":4},"end":{"line":46,"column":3}},"type":"binary-expr","locations":[{"start":{"line":44,"column":4},"end":{"line":44,"column":10}},{"start":{"line":44,"column":14},"end":{"line":46,"column":3}}],"line":44}},"s":{"0":5,"1":29,"2":29,"3":29,"4":29,"5":0,"6":29,"7":5,"8":29,"9":5,"10":5,"11":29,"12":5},"f":{"0":29,"1":29,"2":29},"b":{"0":[0,29],"1":[29,4],"2":[5,24],"3":[3,2],"4":[29,5]},"_coverageSchema":"43e27e138ebf9cfc5966b082cf9a028302ed4184","hash":"e74ef8fc18c169f766381fd08f866fd1482987fa"}
,"/Users/natejensen/Sites/divvy/web-homework/webapp/src/components/transactions/TxTableCellListItem/index.js": {"path":"/Users/natejensen/Sites/divvy/web-homework/webapp/src/components/transactions/TxTableCellListItem/index.js","statementMap":{},"fnMap":{},"branchMap":{},"s":{},"f":{},"b":{},"_coverageSchema":"43e27e138ebf9cfc5966b082cf9a028302ed4184","hash":"4b358b085ca5d34b71b0a5b77d153da617c8e360"}
,"/Users/natejensen/Sites/divvy/web-homework/webapp/src/components/transactions/TxTableHeaderList/TxTableHeaderList.js": {"path":"/Users/natejensen/Sites/divvy/web-homework/webapp/src/components/transactions/TxTableHeaderList/TxTableHeaderList.js","statementMap":{"0":{"start":{"line":6,"column":32},"end":{"line":6,"column":60}},"1":{"start":{"line":8,"column":24},"end":{"line":58,"column":3}},"2":{"start":{"line":59,"column":2},"end":{"line":80,"column":4}},"3":{"start":{"line":66,"column":8},"end":{"line":66,"column":10}},"4":{"start":{"line":68,"column":4},"end":{"line":79,"column":5}},"5":{"start":{"line":83,"column":0},"end":{"line":85,"column":1}}},"fnMap":{"0":{"name":"TxTableHeaderList","decl":{"start":{"line":5,"column":24},"end":{"line":5,"column":41}},"loc":{"start":{"line":5,"column":68},"end":{"line":81,"column":1}},"line":5},"1":{"name":"(anonymous_1)","decl":{"start":{"line":59,"column":27},"end":{"line":59,"column":28}},"loc":{"start":{"line":59,"column":33},"end":{"line":80,"column":3}},"line":59}},"branchMap":{},"s":{"0":43,"1":43,"2":43,"3":301,"4":301,"5":2},"f":{"0":43,"1":301},"b":{},"_coverageSchema":"43e27e138ebf9cfc5966b082cf9a028302ed4184","hash":"e6e7f968d97fc4c66bf05210d405c32e93f2652e"}
,"/Users/natejensen/Sites/divvy/web-homework/webapp/src/components/transactions/TxTableHeaderList/index.js": {"path":"/Users/natejensen/Sites/divvy/web-homework/webapp/src/components/transactions/TxTableHeaderList/index.js","statementMap":{},"fnMap":{},"branchMap":{},"s":{},"f":{},"b":{},"_coverageSchema":"43e27e138ebf9cfc5966b082cf9a028302ed4184","hash":"681f04f960fd496056397f05a3852525ec2a8d4a"}
,"/Users/natejensen/Sites/divvy/web-homework/webapp/src/components/transactions/TxTableHeaderListItem/TxTableHeaderListItem.js": {"path":"/Users/natejensen/Sites/divvy/web-homework/webapp/src/components/transactions/TxTableHeaderListItem/TxTableHeaderListItem.js","statementMap":{"0":{"start":{"line":7,"column":16},"end":{"line":7,"column":31}},"1":{"start":{"line":8,"column":17},"end":{"line":8,"column":33}},"2":{"start":{"line":9,"column":19},"end":{"line":9,"column":33}},"3":{"start":{"line":12,"column":23},"end":{"line":12,"column":42}},"4":{"start":{"line":13,"column":4},"end":{"line":13,"column":48}},"5":{"start":{"line":14,"column":4},"end":{"line":14,"column":26}},"6":{"start":{"line":17,"column":2},"end":{"line":27,"column":3}},"7":{"start":{"line":30,"column":0},"end":{"line":38,"column":1}},"8":{"start":{"line":40,"column":20},"end":{"line":42,"column":1}},"9":{"start":{"line":44,"column":20},"end":{"line":64,"column":1}}},"fnMap":{"0":{"name":"TxTableHeaderListItem","decl":{"start":{"line":6,"column":24},"end":{"line":6,"column":45}},"loc":{"start":{"line":6,"column":120},"end":{"line":28,"column":1}},"line":6},"1":{"name":"handleHeaderClick","decl":{"start":{"line":11,"column":11},"end":{"line":11,"column":28}},"loc":{"start":{"line":11,"column":32},"end":{"line":15,"column":3}},"line":11}},"branchMap":{"0":{"loc":{"start":{"line":12,"column":23},"end":{"line":12,"column":42}},"type":"cond-expr","locations":[{"start":{"line":12,"column":32},"end":{"line":12,"column":35}},{"start":{"line":12,"column":38},"end":{"line":12,"column":42}}],"line":12},"1":{"loc":{"start":{"line":19,"column":7},"end":{"line":25,"column":7}},"type":"binary-expr","locations":[{"start":{"line":19,"column":7},"end":{"line":19,"column":16}},{"start":{"line":20,"column":8},"end":{"line":24,"column":17}}],"line":19},"2":{"loc":{"start":{"line":22,"column":11},"end":{"line":22,"column":60}},"type":"binary-expr","locations":[{"start":{"line":22,"column":11},"end":{"line":22,"column":16}},{"start":{"line":22,"column":20},"end":{"line":22,"column":60}}],"line":22},"3":{"loc":{"start":{"line":23,"column":11},"end":{"line":23,"column":63}},"type":"binary-expr","locations":[{"start":{"line":23,"column":11},"end":{"line":23,"column":17}},{"start":{"line":23,"column":21},"end":{"line":23,"column":63}}],"line":23}},"s":{"0":302,"1":302,"2":302,"3":8,"4":8,"5":8,"6":302,"7":3,"8":3,"9":3},"f":{"0":302,"1":8},"b":{"0":[4,4],"1":[302,259],"2":[259,4],"3":[259,40]},"_coverageSchema":"43e27e138ebf9cfc5966b082cf9a028302ed4184","hash":"9c7a33cee4fd0bb9d5521ba26eb4e40ea58a75fa"}
,"/Users/natejensen/Sites/divvy/web-homework/webapp/src/components/transactions/TxTableHeaderListItem/index.js": {"path":"/Users/natejensen/Sites/divvy/web-homework/webapp/src/components/transactions/TxTableHeaderListItem/index.js","statementMap":{},"fnMap":{},"branchMap":{},"s":{},"f":{},"b":{},"_coverageSchema":"43e27e138ebf9cfc5966b082cf9a028302ed4184","hash":"2dc03a8103f4c6bace6ba90253bd99e424cd4a68"}
,"/Users/natejensen/Sites/divvy/web-homework/webapp/src/components/transactions/TxTableRowList/TxTableRowList.js": {"path":"/Users/natejensen/Sites/divvy/web-homework/webapp/src/components/transactions/TxTableRowList/TxTableRowList.js","statementMap":{"0":{"start":{"line":8,"column":34},"end":{"line":8,"column":48}},"1":{"start":{"line":9,"column":2},"end":{"line":57,"column":4}},"2":{"start":{"line":21,"column":8},"end":{"line":21,"column":10}},"3":{"start":{"line":23,"column":25},"end":{"line":23,"column":58}},"4":{"start":{"line":24,"column":23},"end":{"line":24,"column":50}},"5":{"start":{"line":25,"column":21},"end":{"line":25,"column":47}},"6":{"start":{"line":26,"column":17},"end":{"line":26,"column":56}},"7":{"start":{"line":27,"column":23},"end":{"line":27,"column":54}},"8":{"start":{"line":28,"column":4},"end":{"line":30,"column":5}},"9":{"start":{"line":29,"column":6},"end":{"line":29,"column":38}},"10":{"start":{"line":31,"column":23},"end":{"line":31,"column":38}},"11":{"start":{"line":32,"column":23},"end":{"line":32,"column":63}},"12":{"start":{"line":34,"column":4},"end":{"line":56,"column":5}},"13":{"start":{"line":60,"column":0},"end":{"line":87,"column":1}}},"fnMap":{"0":{"name":"TxTableRowList","decl":{"start":{"line":7,"column":24},"end":{"line":7,"column":38}},"loc":{"start":{"line":7,"column":69},"end":{"line":58,"column":1}},"line":7},"1":{"name":"(anonymous_1)","decl":{"start":{"line":9,"column":18},"end":{"line":9,"column":19}},"loc":{"start":{"line":9,"column":33},"end":{"line":57,"column":3}},"line":9}},"branchMap":{"0":{"loc":{"start":{"line":23,"column":25},"end":{"line":23,"column":58}},"type":"cond-expr","locations":[{"start":{"line":23,"column":36},"end":{"line":23,"column":49}},{"start":{"line":23,"column":52},"end":{"line":23,"column":58}}],"line":23},"1":{"loc":{"start":{"line":24,"column":23},"end":{"line":24,"column":50}},"type":"cond-expr","locations":[{"start":{"line":24,"column":34},"end":{"line":24,"column":45}},{"start":{"line":24,"column":48},"end":{"line":24,"column":50}}],"line":24},"2":{"loc":{"start":{"line":28,"column":4},"end":{"line":30,"column":5}},"type":"if","locations":[{"start":{"line":28,"column":4},"end":{"line":30,"column":5}},{"start":{"line":28,"column":4},"end":{"line":30,"column":5}}],"line":28},"3":{"loc":{"start":{"line":32,"column":23},"end":{"line":32,"column":63}},"type":"cond-expr","locations":[{"start":{"line":32,"column":32},"end":{"line":32,"column":40}},{"start":{"line":32,"column":43},"end":{"line":32,"column":63}}],"line":32},"4":{"loc":{"start":{"line":32,"column":43},"end":{"line":32,"column":63}},"type":"cond-expr","locations":[{"start":{"line":32,"column":51},"end":{"line":32,"column":58}},{"start":{"line":32,"column":61},"end":{"line":32,"column":63}}],"line":32}},"s":{"0":2,"1":2,"2":2,"3":2,"4":2,"5":2,"6":2,"7":2,"8":2,"9":2,"10":2,"11":2,"12":2,"13":2},"f":{"0":2,"1":2},"b":{"0":[2,0],"1":[2,0],"2":[2,0],"3":[0,2],"4":[2,0]},"_coverageSchema":"43e27e138ebf9cfc5966b082cf9a028302ed4184","hash":"20c44dd209d24adaa9850a9e8ff78f597981ea3e"}
,"/Users/natejensen/Sites/divvy/web-homework/webapp/src/components/transactions/TxTableRowList/index.js": {"path":"/Users/natejensen/Sites/divvy/web-homework/webapp/src/components/transactions/TxTableRowList/index.js","statementMap":{},"fnMap":{},"branchMap":{},"s":{},"f":{},"b":{},"_coverageSchema":"43e27e138ebf9cfc5966b082cf9a028302ed4184","hash":"a042c29530062703a84df6ac9e82739fa584a3c4"}
,"/Users/natejensen/Sites/divvy/web-homework/webapp/src/components/transactions/TxTableRowListItem/TxTableRowListItem.js": {"path":"/Users/natejensen/Sites/divvy/web-homework/webapp/src/components/transactions/TxTableRowListItem/TxTableRowListItem.js","statementMap":{"0":{"start":{"line":25,"column":4},"end":{"line":25,"column":22}},"1":{"start":{"line":26,"column":4},"end":{"line":26,"column":38}},"2":{"start":{"line":30,"column":4},"end":{"line":39,"column":5}},"3":{"start":{"line":32,"column":8},"end":{"line":32,"column":25}},"4":{"start":{"line":33,"column":8},"end":{"line":33,"column":13}},"5":{"start":{"line":35,"column":8},"end":{"line":35,"column":27}},"6":{"start":{"line":36,"column":8},"end":{"line":36,"column":13}},"7":{"start":{"line":38,"column":8},"end":{"line":38,"column":23}},"8":{"start":{"line":43,"column":17},"end":{"line":53,"column":5}},"9":{"start":{"line":54,"column":4},"end":{"line":54,"column":27}},"10":{"start":{"line":58,"column":17},"end":{"line":61,"column":5}},"11":{"start":{"line":62,"column":4},"end":{"line":62,"column":27}},"12":{"start":{"line":65,"column":21},"end":{"line":65,"column":36}},"13":{"start":{"line":66,"column":2},"end":{"line":79,"column":3}},"14":{"start":{"line":82,"column":0},"end":{"line":99,"column":1}},"15":{"start":{"line":101,"column":17},"end":{"line":117,"column":1}},"16":{"start":{"line":102,"column":26},"end":{"line":102,"column":83}},"17":{"start":{"line":103,"column":2},"end":{"line":116,"column":1}}},"fnMap":{"0":{"name":"TxTableRowListItem","decl":{"start":{"line":6,"column":24},"end":{"line":6,"column":42}},"loc":{"start":{"line":23,"column":3},"end":{"line":80,"column":1}},"line":23},"1":{"name":"handleRowItemClick","decl":{"start":{"line":24,"column":11},"end":{"line":24,"column":29}},"loc":{"start":{"line":24,"column":34},"end":{"line":27,"column":3}},"line":24},"2":{"name":"handleClickSrc","decl":{"start":{"line":29,"column":11},"end":{"line":29,"column":25}},"loc":{"start":{"line":29,"column":38},"end":{"line":40,"column":3}},"line":29},"3":{"name":"handleEditClick","decl":{"start":{"line":42,"column":11},"end":{"line":42,"column":26}},"loc":{"start":{"line":42,"column":30},"end":{"line":55,"column":3}},"line":42},"4":{"name":"handleDeleteClick","decl":{"start":{"line":57,"column":11},"end":{"line":57,"column":28}},"loc":{"start":{"line":57,"column":32},"end":{"line":63,"column":3}},"line":57},"5":{"name":"(anonymous_5)","decl":{"start":{"line":101,"column":17},"end":{"line":101,"column":18}},"loc":{"start":{"line":101,"column":48},"end":{"line":117,"column":1}},"line":101}},"branchMap":{"0":{"loc":{"start":{"line":30,"column":4},"end":{"line":39,"column":5}},"type":"switch","locations":[{"start":{"line":31,"column":6},"end":{"line":33,"column":13}},{"start":{"line":34,"column":6},"end":{"line":36,"column":13}},{"start":{"line":37,"column":6},"end":{"line":38,"column":23}}],"line":30},"1":{"loc":{"start":{"line":102,"column":26},"end":{"line":102,"column":83}},"type":"cond-expr","locations":[{"start":{"line":102,"column":39},"end":{"line":102,"column":48}},{"start":{"line":102,"column":51},"end":{"line":102,"column":83}}],"line":102},"2":{"loc":{"start":{"line":102,"column":51},"end":{"line":102,"column":83}},"type":"cond-expr","locations":[{"start":{"line":102,"column":67},"end":{"line":102,"column":76}},{"start":{"line":102,"column":79},"end":{"line":102,"column":83}}],"line":102},"3":{"loc":{"start":{"line":106,"column":4},"end":{"line":108,"column":3}},"type":"binary-expr","locations":[{"start":{"line":106,"column":4},"end":{"line":106,"column":19}},{"start":{"line":106,"column":23},"end":{"line":108,"column":3}}],"line":106},"4":{"loc":{"start":{"line":109,"column":4},"end":{"line":111,"column":3}},"type":"binary-expr","locations":[{"start":{"line":109,"column":4},"end":{"line":109,"column":14}},{"start":{"line":109,"column":18},"end":{"line":111,"column":3}}],"line":109}},"s":{"0":0,"1":0,"2":0,"3":0,"4":0,"5":0,"6":0,"7":0,"8":0,"9":0,"10":0,"11":0,"12":3,"13":3,"14":3,"15":3,"16":3,"17":3},"f":{"0":3,"1":0,"2":0,"3":0,"4":0,"5":3},"b":{"0":[0,0,0],"1":[0,3],"2":[1,2],"3":[3,1],"4":[3,0]},"_coverageSchema":"43e27e138ebf9cfc5966b082cf9a028302ed4184","hash":"d37c64c555ee17675006674cd79269426dfda529"}
,"/Users/natejensen/Sites/divvy/web-homework/webapp/src/components/transactions/TxTableRowListItem/index.js": {"path":"/Users/natejensen/Sites/divvy/web-homework/webapp/src/components/transactions/TxTableRowListItem/index.js","statementMap":{},"fnMap":{},"branchMap":{},"s":{},"f":{},"b":{},"_coverageSchema":"43e27e138ebf9cfc5966b082cf9a028302ed4184","hash":"e890da433c963db00e77ad8bf06fd40b265481fb"}
,"/Users/natejensen/Sites/divvy/web-homework/webapp/src/helpers/currency/currency.js": {"path":"/Users/natejensen/Sites/divvy/web-homework/webapp/src/helpers/currency/currency.js","statementMap":{"0":{"start":{"line":2,"column":2},"end":{"line":2,"column":20}},"1":{"start":{"line":6,"column":2},"end":{"line":6,"column":22}},"2":{"start":{"line":10,"column":16},"end":{"line":10,"column":38}},"3":{"start":{"line":11,"column":2},"end":{"line":11,"column":27}}},"fnMap":{"0":{"name":"convertCentsToUsDollars","decl":{"start":{"line":1,"column":16},"end":{"line":1,"column":39}},"loc":{"start":{"line":1,"column":48},"end":{"line":3,"column":1}},"line":1},"1":{"name":"convertDollarsToCents","decl":{"start":{"line":5,"column":16},"end":{"line":5,"column":37}},"loc":{"start":{"line":5,"column":48},"end":{"line":7,"column":1}},"line":5},"2":{"name":"validateDollarCents","decl":{"start":{"line":9,"column":16},"end":{"line":9,"column":35}},"loc":{"start":{"line":9,"column":45},"end":{"line":12,"column":1}},"line":9}},"branchMap":{},"s":{"0":3,"1":1,"2":5,"3":5},"f":{"0":3,"1":1,"2":5},"b":{},"_coverageSchema":"43e27e138ebf9cfc5966b082cf9a028302ed4184","hash":"1ee0fe01033565e7ef680adcab15b7a9ba785d92"}
,"/Users/natejensen/Sites/divvy/web-homework/webapp/src/helpers/currency/index.js": {"path":"/Users/natejensen/Sites/divvy/web-homework/webapp/src/helpers/currency/index.js","statementMap":{},"fnMap":{},"branchMap":{},"s":{},"f":{},"b":{},"_coverageSchema":"43e27e138ebf9cfc5966b082cf9a028302ed4184","hash":"3204469e1532af3965b1d3ce6774797633a2b4ab"}
,"/Users/natejensen/Sites/divvy/web-homework/webapp/src/helpers/dateTime/dateTime.js": {"path":"/Users/natejensen/Sites/divvy/web-homework/webapp/src/helpers/dateTime/dateTime.js","statementMap":{"0":{"start":{"line":3,"column":18},"end":{"line":3,"column":26}},"1":{"start":{"line":6,"column":15},"end":{"line":6,"column":34}},"2":{"start":{"line":7,"column":2},"end":{"line":7,"column":39}}},"fnMap":{"0":{"name":"getMonthAndDayFromTimestamp","decl":{"start":{"line":5,"column":16},"end":{"line":5,"column":43}},"loc":{"start":{"line":5,"column":56},"end":{"line":8,"column":1}},"line":5}},"branchMap":{},"s":{"0":3,"1":3,"2":3},"f":{"0":3},"b":{},"_coverageSchema":"43e27e138ebf9cfc5966b082cf9a028302ed4184","hash":"7c419bd3bb9c4331901a1cbf68e64cf732c1fbe0"}
,"/Users/natejensen/Sites/divvy/web-homework/webapp/src/helpers/dateTime/index.js": {"path":"/Users/natejensen/Sites/divvy/web-homework/webapp/src/helpers/dateTime/index.js","statementMap":{},"fnMap":{},"branchMap":{},"s":{},"f":{},"b":{},"_coverageSchema":"43e27e138ebf9cfc5966b082cf9a028302ed4184","hash":"ee22fa24a4f60a84d36a59ac8697ec612fb511b0"}
}
