TN:
SF:/Users/natejensen/Sites/divvy/web-homework/webapp/src/components/transactions/TxTable/TxTable.js
FN:7,TxTable
FNF:1
FNH:1
FNDA:1,TxTable
DA:8,1
DA:20,1
DA:42,1
DA:48,1
LF:4
LH:4
BRF:0
BRH:0
end_of_record
TN:
SF:/Users/natejensen/Sites/divvy/web-homework/webapp/src/components/transactions/TxTableCellList/TxTableCellList.js
FN:5,TxTableCellList
FN:15,(anonymous_1)
FNF:2
FNH:2
FNDA:4,TxTableCellList
FNDA:24,(anonymous_1)
DA:6,4
DA:15,4
DA:16,24
DA:17,24
DA:23,4
LF:5
LH:5
BRF:0
BRH:0
end_of_record
TN:
SF:/Users/natejensen/Sites/divvy/web-homework/webapp/src/components/transactions/TxTableCellList/index.js
FNF:0
FNH:0
LF:0
LH:0
BRF:0
BRH:0
end_of_record
TN:
SF:/Users/natejensen/Sites/divvy/web-homework/webapp/src/components/transactions/TxTableCellListItem/TxTableCellListItem.js
FN:5,(anonymous_0)
FN:7,TxTableCellListItem
FNF:2
FNH:2
FNDA:25,(anonymous_0)
FNDA:25,TxTableCellListItem
DA:5,25
DA:8,25
DA:13,5
DA:19,5
LF:4
LH:4
BRF:0
BRH:0
end_of_record
TN:
SF:/Users/natejensen/Sites/divvy/web-homework/webapp/src/components/transactions/TxTableCellListItem/index.js
FNF:0
FNH:0
LF:0
LH:0
BRF:0
BRH:0
end_of_record
TN:
SF:/Users/natejensen/Sites/divvy/web-homework/webapp/src/components/transactions/TxTableHeaderList/TxTableHeaderList.js
FN:5,TxTableHeaderList
FN:52,(anonymous_1)
FNF:2
FNH:2
FNDA:43,TxTableHeaderList
FNDA:258,(anonymous_1)
DA:6,43
DA:8,43
DA:52,43
DA:59,258
DA:61,258
DA:76,2
LF:6
LH:6
BRF:0
BRH:0
end_of_record
TN:
SF:/Users/natejensen/Sites/divvy/web-homework/webapp/src/components/transactions/TxTableHeaderList/index.js
FNF:0
FNH:0
LF:0
LH:0
BRF:0
BRH:0
end_of_record
TN:
SF:/Users/natejensen/Sites/divvy/web-homework/webapp/src/components/transactions/TxTableHeaderListItem/TxTableHeaderListItem.js
FN:6,TxTableHeaderListItem
FN:10,handleHeaderClick
FNF:2
FNH:2
FNDA:259,TxTableHeaderListItem
FNDA:8,handleHeaderClick
DA:7,259
DA:8,259
DA:11,8
DA:12,8
DA:13,8
DA:16,259
DA:27,3
DA:37,3
DA:41,3
LF:9
LH:9
BRDA:11,0,0,4
BRDA:11,0,1,4
BRDA:20,1,0,259
BRDA:20,1,1,4
BRDA:21,2,0,259
BRDA:21,2,1,40
BRF:6
BRH:6
end_of_record
TN:
SF:/Users/natejensen/Sites/divvy/web-homework/webapp/src/components/transactions/TxTableHeaderListItem/index.js
FNF:0
FNH:0
LF:0
LH:0
BRF:0
BRH:0
end_of_record
TN:
SF:/Users/natejensen/Sites/divvy/web-homework/webapp/src/components/transactions/TxTableRowList/TxTableRowList.js
FN:7,TxTableRowList
FN:8,(anonymous_1)
FNF:2
FNH:2
FNDA:2,TxTableRowList
FNDA:2,(anonymous_1)
DA:8,2
DA:17,2
DA:19,2
DA:20,2
DA:21,2
DA:22,2
DA:23,2
DA:24,2
DA:40,2
LF:9
LH:9
BRDA:19,0,0,2
BRDA:19,0,1,0
BRF:2
BRH:1
end_of_record
TN:
SF:/Users/natejensen/Sites/divvy/web-homework/webapp/src/components/transactions/TxTableRowList/index.js
FNF:0
FNH:0
LF:0
LH:0
BRF:0
BRH:0
end_of_record
TN:
SF:/Users/natejensen/Sites/divvy/web-homework/webapp/src/components/transactions/TxTableRowListItem/TxTableRowListItem.js
FN:6,TxTableRowListItem
FN:33,(anonymous_1)
FNF:2
FNH:2
FNDA:3,TxTableRowListItem
FNDA:3,(anonymous_1)
DA:7,3
DA:22,3
DA:33,3
LF:3
LH:3
BRDA:36,0,0,3
BRDA:36,0,1,1
BRF:2
BRH:2
end_of_record
TN:
SF:/Users/natejensen/Sites/divvy/web-homework/webapp/src/components/transactions/TxTableRowListItem/index.js
FNF:0
FNH:0
LF:0
LH:0
BRF:0
BRH:0
end_of_record
TN:
SF:/Users/natejensen/Sites/divvy/web-homework/webapp/src/helpers/currency/currency.js
FN:1,convertCentsToUsDollars
FNF:1
FNH:1
FNDA:3,convertCentsToUsDollars
DA:2,3
DA:3,3
LF:2
LH:2
BRF:0
BRH:0
end_of_record
TN:
SF:/Users/natejensen/Sites/divvy/web-homework/webapp/src/helpers/currency/index.js
FNF:0
FNH:0
LF:0
LH:0
BRF:0
BRH:0
end_of_record
TN:
SF:/Users/natejensen/Sites/divvy/web-homework/webapp/src/helpers/dateTime/dateTime.js
FN:5,getMonthAndDayFromTimestamp
FNF:1
FNH:1
FNDA:3,getMonthAndDayFromTimestamp
DA:3,3
DA:6,3
DA:7,3
LF:3
LH:3
BRF:0
BRH:0
end_of_record
TN:
SF:/Users/natejensen/Sites/divvy/web-homework/webapp/src/helpers/dateTime/index.js
FNF:0
FNH:0
LF:0
LH:0
BRF:0
BRH:0
end_of_record
