TN:
SF:/Users/natejensen/Sites/divvy/web-homework/webapp/src/components/transactions/TxTable/TxTable.js
FN:7,TxTable
FNF:1
FNH:1
FNDA:1,TxTable
DA:8,1
DA:20,1
DA:50,1
DA:56,1
LF:4
LH:4
BRF:0
BRH:0
end_of_record
TN:
SF:/Users/natejensen/Sites/divvy/web-homework/webapp/src/components/transactions/TxTableCellList/TxTableCellList.js
FN:5,TxTableCellList
FN:25,(anonymous_1)
FNF:2
FNH:2
FNDA:4,TxTableCellList
FNDA:28,(anonymous_1)
DA:15,4
DA:25,4
DA:26,28
DA:27,28
DA:39,4
LF:5
LH:5
BRF:0
BRH:0
end_of_record
TN:
SF:/Users/natejensen/Sites/divvy/web-homework/webapp/src/components/transactions/TxTableCellList/index.js
FNF:0
FNH:0
LF:0
LH:0
BRF:0
BRH:0
end_of_record
TN:
SF:/Users/natejensen/Sites/divvy/web-homework/webapp/src/components/transactions/TxTableCellListItem/TxTableCellListItem.js
FN:6,(anonymous_0)
FN:8,TxTableCellListItem
FN:41,(anonymous_2)
FNF:3
FNH:3
FNDA:29,(anonymous_0)
FNDA:29,TxTableCellListItem
FNDA:29,(anonymous_2)
DA:6,29
DA:9,29
DA:10,29
DA:12,29
DA:13,0
DA:25,29
DA:26,5
DA:29,29
DA:34,5
DA:41,29
DA:49,5
LF:11
LH:10
BRDA:12,0,0,0
BRDA:12,0,1,29
BRDA:12,1,0,29
BRDA:12,1,1,4
BRDA:25,2,0,5
BRDA:25,2,1,24
BRDA:26,3,0,3
BRDA:26,3,1,2
BRDA:44,4,0,29
BRDA:44,4,1,5
BRF:10
BRH:9
end_of_record
TN:
SF:/Users/natejensen/Sites/divvy/web-homework/webapp/src/components/transactions/TxTableCellListItem/index.js
FNF:0
FNH:0
LF:0
LH:0
BRF:0
BRH:0
end_of_record
TN:
SF:/Users/natejensen/Sites/divvy/web-homework/webapp/src/components/transactions/TxTableHeaderList/TxTableHeaderList.js
FN:5,TxTableHeaderList
FN:59,(anonymous_1)
FNF:2
FNH:2
FNDA:43,TxTableHeaderList
FNDA:301,(anonymous_1)
DA:6,43
DA:8,43
DA:59,43
DA:66,301
DA:68,301
DA:83,2
LF:6
LH:6
BRF:0
BRH:0
end_of_record
TN:
SF:/Users/natejensen/Sites/divvy/web-homework/webapp/src/components/transactions/TxTableHeaderList/index.js
FNF:0
FNH:0
LF:0
LH:0
BRF:0
BRH:0
end_of_record
TN:
SF:/Users/natejensen/Sites/divvy/web-homework/webapp/src/components/transactions/TxTableHeaderListItem/TxTableHeaderListItem.js
FN:6,TxTableHeaderListItem
FN:11,handleHeaderClick
FNF:2
FNH:2
FNDA:302,TxTableHeaderListItem
FNDA:8,handleHeaderClick
DA:7,302
DA:8,302
DA:9,302
DA:12,8
DA:13,8
DA:14,8
DA:17,302
DA:30,3
DA:40,3
DA:44,3
LF:10
LH:10
BRDA:12,0,0,4
BRDA:12,0,1,4
BRDA:19,1,0,302
BRDA:19,1,1,259
BRDA:22,2,0,259
BRDA:22,2,1,4
BRDA:23,3,0,259
BRDA:23,3,1,40
BRF:8
BRH:8
end_of_record
TN:
SF:/Users/natejensen/Sites/divvy/web-homework/webapp/src/components/transactions/TxTableHeaderListItem/index.js
FNF:0
FNH:0
LF:0
LH:0
BRF:0
BRH:0
end_of_record
TN:
SF:/Users/natejensen/Sites/divvy/web-homework/webapp/src/components/transactions/TxTableRowList/TxTableRowList.js
FN:7,TxTableRowList
FN:9,(anonymous_1)
FNF:2
FNH:2
FNDA:2,TxTableRowList
FNDA:2,(anonymous_1)
DA:8,2
DA:9,2
DA:21,2
DA:23,2
DA:24,2
DA:25,2
DA:26,2
DA:27,2
DA:28,2
DA:29,2
DA:31,2
DA:32,2
DA:34,2
DA:60,2
LF:14
LH:14
BRDA:23,0,0,2
BRDA:23,0,1,0
BRDA:24,1,0,2
BRDA:24,1,1,0
BRDA:28,2,0,2
BRDA:28,2,1,0
BRDA:32,3,0,0
BRDA:32,3,1,2
BRDA:32,4,0,2
BRDA:32,4,1,0
BRF:10
BRH:5
end_of_record
TN:
SF:/Users/natejensen/Sites/divvy/web-homework/webapp/src/components/transactions/TxTableRowList/index.js
FNF:0
FNH:0
LF:0
LH:0
BRF:0
BRH:0
end_of_record
TN:
SF:/Users/natejensen/Sites/divvy/web-homework/webapp/src/components/transactions/TxTableRowListItem/TxTableRowListItem.js
FN:6,TxTableRowListItem
FN:24,handleRowItemClick
FN:29,handleClickSrc
FN:42,handleEditClick
FN:57,handleDeleteClick
FN:101,(anonymous_5)
FNF:6
FNH:2
FNDA:3,TxTableRowListItem
FNDA:0,handleRowItemClick
FNDA:0,handleClickSrc
FNDA:0,handleEditClick
FNDA:0,handleDeleteClick
FNDA:3,(anonymous_5)
DA:25,0
DA:26,0
DA:30,0
DA:32,0
DA:33,0
DA:35,0
DA:36,0
DA:38,0
DA:43,0
DA:54,0
DA:58,0
DA:62,0
DA:65,3
DA:66,3
DA:82,3
DA:101,3
DA:102,3
DA:103,3
LF:18
LH:6
BRDA:30,0,0,0
BRDA:30,0,1,0
BRDA:30,0,2,0
BRDA:102,1,0,0
BRDA:102,1,1,3
BRDA:102,2,0,1
BRDA:102,2,1,2
BRDA:106,3,0,3
BRDA:106,3,1,1
BRDA:109,4,0,3
BRDA:109,4,1,0
BRF:11
BRH:6
end_of_record
TN:
SF:/Users/natejensen/Sites/divvy/web-homework/webapp/src/components/transactions/TxTableRowListItem/index.js
FNF:0
FNH:0
LF:0
LH:0
BRF:0
BRH:0
end_of_record
TN:
SF:/Users/natejensen/Sites/divvy/web-homework/webapp/src/helpers/currency/currency.js
FN:1,convertCentsToUsDollars
FN:5,convertDollarsToCents
FN:9,validateDollarCents
FNF:3
FNH:3
FNDA:3,convertCentsToUsDollars
FNDA:1,convertDollarsToCents
FNDA:5,validateDollarCents
DA:2,3
DA:6,1
DA:10,5
DA:11,5
LF:4
LH:4
BRF:0
BRH:0
end_of_record
TN:
SF:/Users/natejensen/Sites/divvy/web-homework/webapp/src/helpers/currency/index.js
FNF:0
FNH:0
LF:0
LH:0
BRF:0
BRH:0
end_of_record
TN:
SF:/Users/natejensen/Sites/divvy/web-homework/webapp/src/helpers/dateTime/dateTime.js
FN:5,getMonthAndDayFromTimestamp
FNF:1
FNH:1
FNDA:3,getMonthAndDayFromTimestamp
DA:3,3
DA:6,3
DA:7,3
LF:3
LH:3
BRF:0
BRH:0
end_of_record
TN:
SF:/Users/natejensen/Sites/divvy/web-homework/webapp/src/helpers/dateTime/index.js
FNF:0
FNH:0
LF:0
LH:0
BRF:0
BRH:0
end_of_record
